Started GET "/" for 127.0.0.1 at 2018-04-30 19:04:28 -0400
  [1m[35m (5.2ms)[0m  [1m[34mSELECT "schema_migrations"."version" FROM "schema_migrations" ORDER BY "schema_migrations"."version" ASC[0m
Processing by StaticController#home as HTML
  Rendering static/home.html.erb within layouts/application
  Rendered static/home.html.erb within layouts/application (4119.9ms)
Completed 200 OK in 4402ms (Views: 4372.7ms | ActiveRecord: 0.0ms)


Started GET "/" for 127.0.0.1 at 2018-04-30 19:04:48 -0400
Processing by StaticController#home as HTML
  Rendering static/home.html.erb within layouts/application
  Rendered static/home.html.erb within layouts/application (113.8ms)
Completed 200 OK in 291ms (Views: 271.4ms | ActiveRecord: 0.0ms)


Started GET "/" for 127.0.0.1 at 2018-04-30 19:04:54 -0400
Processing by StaticController#home as HTML
  Rendering static/home.html.erb within layouts/application
  Rendered static/home.html.erb within layouts/application (51.0ms)
Completed 200 OK in 140ms (Views: 130.2ms | ActiveRecord: 0.0ms)


Started GET "/" for 127.0.0.1 at 2018-04-30 19:05:12 -0400
Processing by StaticController#home as HTML
  Rendering static/home.html.erb within layouts/application
  Rendered static/home.html.erb within layouts/application (141.7ms)
Completed 200 OK in 896ms (Views: 870.7ms | ActiveRecord: 0.0ms)


Started GET "/" for 127.0.0.1 at 2018-04-30 19:05:37 -0400
  [1m[35m (6.1ms)[0m  [1m[34mSELECT "schema_migrations"."version" FROM "schema_migrations" ORDER BY "schema_migrations"."version" ASC[0m
Processing by StaticController#home as HTML
  Rendering static/home.html.erb within layouts/application
  Rendered static/home.html.erb within layouts/application (679.5ms)
Completed 200 OK in 808ms (Views: 782.1ms | ActiveRecord: 0.0ms)


Started GET "/" for 127.0.0.1 at 2018-04-30 19:10:43 -0400
  [1m[35m (3.3ms)[0m  [1m[34mSELECT "schema_migrations"."version" FROM "schema_migrations" ORDER BY "schema_migrations"."version" ASC[0m
Processing by StaticController#home as HTML
  Rendering static/home.html.erb within layouts/application
  Rendered static/home.html.erb within layouts/application (1651.6ms)
Completed 200 OK in 1810ms (Views: 1790.4ms | ActiveRecord: 0.0ms)


Started GET "/" for 127.0.0.1 at 2018-04-30 19:10:53 -0400
Processing by StaticController#home as HTML
  Rendering static/home.html.erb within layouts/application
  Rendered static/home.html.erb within layouts/application (57.0ms)
Completed 200 OK in 203ms (Views: 185.1ms | ActiveRecord: 0.0ms)


Started GET "/" for 127.0.0.1 at 2018-04-30 19:11:20 -0400
Processing by StaticController#home as HTML
  Rendering static/home.html.erb within layouts/application
  Rendered static/home.html.erb within layouts/application (174.9ms)
Completed 200 OK in 475ms (Views: 463.8ms | ActiveRecord: 0.0ms)


Started GET "/" for 127.0.0.1 at 2018-05-11 10:24:53 -0400
  [1m[35m (3.6ms)[0m  [1m[34mSELECT "schema_migrations"."version" FROM "schema_migrations" ORDER BY "schema_migrations"."version" ASC[0m
Processing by StaticController#home as HTML
  Rendering static/home.html.erb within layouts/application
  Rendered static/home.html.erb within layouts/application (3.4ms)
Completed 500 Internal Server Error in 30ms (ActiveRecord: 0.0ms)


  
SyntaxError (/Users/diegoflores/projects/stark-oasis-69851/app/views/static/home.html.erb:68: syntax error, unexpected tSYMBEG, expecting keyword_do or '{' or '('
...r.append=( image_tag(data-src:"Diego_profile_2.png", alt:"Di...
...                               ^
/Users/diegoflores/projects/stark-oasis-69851/app/views/static/home.html.erb:68: syntax error, unexpected ',', expecting ')'
...data-src:"Diego_profile_2.png", alt:"Diego Flores", id: "pro...
...                               ^
/Users/diegoflores/projects/stark-oasis-69851/app/views/static/home.html.erb:68: syntax error, unexpected ',', expecting ')'
...ile_2.png", alt:"Diego Flores", id: "profile_pic", style:"wi...
...                               ^
/Users/diegoflores/projects/stark-oasis-69851/app/views/static/home.html.erb:68: syntax error, unexpected ',', expecting ')'
...ego Flores", id: "profile_pic", style:"width:40%"));@output_...
...                               ^
/Users/diegoflores/projects/stark-oasis-69851/app/views/static/home.html.erb:68: syntax error, unexpected ')', expecting keyword_end
...ofile_pic", style:"width:40%"));@output_buffer.safe_append='
...                               ^):
  
app/views/static/home.html.erb:68: syntax error, unexpected tSYMBEG, expecting keyword_do or '{' or '('
app/views/static/home.html.erb:68: syntax error, unexpected ',', expecting ')'
app/views/static/home.html.erb:68: syntax error, unexpected ',', expecting ')'
app/views/static/home.html.erb:68: syntax error, unexpected ',', expecting ')'
app/views/static/home.html.erb:68: syntax error, unexpected ')', expecting keyword_end
Started GET "/" for 127.0.0.1 at 2018-05-11 10:25:45 -0400
Processing by StaticController#home as HTML
  Rendering static/home.html.erb within layouts/application
  Rendered static/home.html.erb within layouts/application (693.4ms)
Completed 200 OK in 1057ms (Views: 1049.4ms | ActiveRecord: 0.0ms)


Started GET "/" for 127.0.0.1 at 2018-05-11 10:45:09 -0400
Processing by StaticController#home as HTML
  Rendering static/home.html.erb within layouts/application
  Rendered static/home.html.erb within layouts/application (218.6ms)
Completed 200 OK in 441ms (Views: 396.6ms | ActiveRecord: 0.0ms)


Started GET "/" for 127.0.0.1 at 2018-05-11 10:45:22 -0400
Processing by StaticController#home as HTML
  Rendering static/home.html.erb within layouts/application
  Rendered static/home.html.erb within layouts/application (60.2ms)
Completed 200 OK in 541ms (Views: 532.2ms | ActiveRecord: 0.0ms)


Started GET "/" for 127.0.0.1 at 2018-05-11 10:45:31 -0400
Processing by StaticController#home as HTML
  Rendering static/home.html.erb within layouts/application
  Rendered static/home.html.erb within layouts/application (37.6ms)
Completed 200 OK in 121ms (Views: 115.5ms | ActiveRecord: 0.0ms)


Started GET "/" for 127.0.0.1 at 2018-05-11 10:53:09 -0400
  [1m[35m (3.0ms)[0m  [1m[34mSELECT "schema_migrations"."version" FROM "schema_migrations" ORDER BY "schema_migrations"."version" ASC[0m
Processing by StaticController#home as HTML
  Rendering static/home.html.erb within layouts/application
  Rendered static/home.html.erb within layouts/application (231.9ms)
Completed 500 Internal Server Error in 258ms (ActiveRecord: 0.0ms)


  
ActionView::Template::Error (The asset "{:data=>{:src=>\"Diego_profile_2.png\"}, :alt=>\"Diego Flores\", :id=>\"profile_pic\", :style=>\"width:40%\"}" is not present in the asset pipeline.):
    65:     </svg>
    66: 
    67:       <div class="container" id="about-photo">
    68:         <%= image_tag(data: { src:"Diego_profile_2.png"}, alt:"Diego Flores", id: "profile_pic", style:"width:40%")%>
    69:       </div>
    70:       <div class="container" id="profile_blurb">
    71:         <h4 style="color: black; font-weight: bold;">
  
app/views/static/home.html.erb:68:in `_app_views_static_home_html_erb__721923022938785297_70155223208540'
Started GET "/" for 127.0.0.1 at 2018-05-11 10:54:15 -0400
Processing by StaticController#home as HTML
  Rendering static/home.html.erb within layouts/application
  Rendered static/home.html.erb within layouts/application (875.5ms)
Completed 200 OK in 999ms (Views: 986.2ms | ActiveRecord: 0.0ms)


Started GET "/" for 127.0.0.1 at 2018-05-11 10:57:27 -0400
Processing by StaticController#home as HTML
  Rendering static/home.html.erb within layouts/application
  Rendered static/home.html.erb within layouts/application (115.3ms)
Completed 200 OK in 439ms (Views: 426.2ms | ActiveRecord: 0.0ms)


Started GET "/Diego_profile_2.png" for 127.0.0.1 at 2018-05-11 10:57:28 -0400
  
ActionController::RoutingError (No route matches [GET] "/Diego_profile_2.png"):
  
actionpack (5.1.5) lib/action_dispatch/middleware/debug_exceptions.rb:63:in `call'
web-console (3.5.1) lib/web_console/middleware.rb:135:in `call_app'
web-console (3.5.1) lib/web_console/middleware.rb:28:in `block in call'
web-console (3.5.1) lib/web_console/middleware.rb:18:in `catch'
web-console (3.5.1) lib/web_console/middleware.rb:18:in `call'
actionpack (5.1.5) lib/action_dispatch/middleware/show_exceptions.rb:31:in `call'
railties (5.1.5) lib/rails/rack/logger.rb:36:in `call_app'
railties (5.1.5) lib/rails/rack/logger.rb:24:in `block in call'
activesupport (5.1.5) lib/active_support/tagged_logging.rb:69:in `block in tagged'
activesupport (5.1.5) lib/active_support/tagged_logging.rb:26:in `tagged'
activesupport (5.1.5) lib/active_support/tagged_logging.rb:69:in `tagged'
railties (5.1.5) lib/rails/rack/logger.rb:24:in `call'
sprockets-rails (3.2.1) lib/sprockets/rails/quiet_assets.rb:13:in `call'
actionpack (5.1.5) lib/action_dispatch/middleware/remote_ip.rb:79:in `call'
actionpack (5.1.5) lib/action_dispatch/middleware/request_id.rb:25:in `call'
rack (2.0.4) lib/rack/method_override.rb:22:in `call'
rack (2.0.4) lib/rack/runtime.rb:22:in `call'
activesupport (5.1.5) lib/active_support/cache/strategy/local_cache_middleware.rb:27:in `call'
actionpack (5.1.5) lib/action_dispatch/middleware/executor.rb:12:in `call'
actionpack (5.1.5) lib/action_dispatch/middleware/static.rb:125:in `call'
rack (2.0.4) lib/rack/sendfile.rb:111:in `call'
railties (5.1.5) lib/rails/engine.rb:522:in `call'
puma (3.11.3) lib/puma/configuration.rb:225:in `call'
puma (3.11.3) lib/puma/server.rb:624:in `handle_request'
puma (3.11.3) lib/puma/server.rb:438:in `process_client'
puma (3.11.3) lib/puma/server.rb:302:in `block in run'
puma (3.11.3) lib/puma/thread_pool.rb:120:in `block in spawn_thread'
Started GET "/" for 127.0.0.1 at 2018-05-11 10:59:58 -0400
Processing by StaticController#home as HTML
  Rendering static/home.html.erb within layouts/application
  Rendered static/home.html.erb within layouts/application (83.5ms)
Completed 200 OK in 265ms (Views: 229.0ms | ActiveRecord: 0.0ms)


Started GET "/Diego_profile_2.png" for 127.0.0.1 at 2018-05-11 11:00:01 -0400
  
ActionController::RoutingError (No route matches [GET] "/Diego_profile_2.png"):
  
actionpack (5.1.5) lib/action_dispatch/middleware/debug_exceptions.rb:63:in `call'
web-console (3.5.1) lib/web_console/middleware.rb:135:in `call_app'
web-console (3.5.1) lib/web_console/middleware.rb:28:in `block in call'
web-console (3.5.1) lib/web_console/middleware.rb:18:in `catch'
web-console (3.5.1) lib/web_console/middleware.rb:18:in `call'
actionpack (5.1.5) lib/action_dispatch/middleware/show_exceptions.rb:31:in `call'
railties (5.1.5) lib/rails/rack/logger.rb:36:in `call_app'
railties (5.1.5) lib/rails/rack/logger.rb:24:in `block in call'
activesupport (5.1.5) lib/active_support/tagged_logging.rb:69:in `block in tagged'
activesupport (5.1.5) lib/active_support/tagged_logging.rb:26:in `tagged'
activesupport (5.1.5) lib/active_support/tagged_logging.rb:69:in `tagged'
railties (5.1.5) lib/rails/rack/logger.rb:24:in `call'
sprockets-rails (3.2.1) lib/sprockets/rails/quiet_assets.rb:13:in `call'
actionpack (5.1.5) lib/action_dispatch/middleware/remote_ip.rb:79:in `call'
actionpack (5.1.5) lib/action_dispatch/middleware/request_id.rb:25:in `call'
rack (2.0.4) lib/rack/method_override.rb:22:in `call'
rack (2.0.4) lib/rack/runtime.rb:22:in `call'
activesupport (5.1.5) lib/active_support/cache/strategy/local_cache_middleware.rb:27:in `call'
actionpack (5.1.5) lib/action_dispatch/middleware/executor.rb:12:in `call'
actionpack (5.1.5) lib/action_dispatch/middleware/static.rb:125:in `call'
rack (2.0.4) lib/rack/sendfile.rb:111:in `call'
railties (5.1.5) lib/rails/engine.rb:522:in `call'
puma (3.11.3) lib/puma/configuration.rb:225:in `call'
puma (3.11.3) lib/puma/server.rb:624:in `handle_request'
puma (3.11.3) lib/puma/server.rb:438:in `process_client'
puma (3.11.3) lib/puma/server.rb:302:in `block in run'
puma (3.11.3) lib/puma/thread_pool.rb:120:in `block in spawn_thread'
Started GET "/" for 127.0.0.1 at 2018-05-11 11:00:09 -0400
Processing by StaticController#home as HTML
  Rendering static/home.html.erb within layouts/application
  Rendered static/home.html.erb within layouts/application (49.1ms)
Completed 200 OK in 160ms (Views: 155.0ms | ActiveRecord: 0.0ms)


Started GET "/Diego_profile_2.png" for 127.0.0.1 at 2018-05-11 11:00:11 -0400
  
ActionController::RoutingError (No route matches [GET] "/Diego_profile_2.png"):
  
actionpack (5.1.5) lib/action_dispatch/middleware/debug_exceptions.rb:63:in `call'
web-console (3.5.1) lib/web_console/middleware.rb:135:in `call_app'
web-console (3.5.1) lib/web_console/middleware.rb:28:in `block in call'
web-console (3.5.1) lib/web_console/middleware.rb:18:in `catch'
web-console (3.5.1) lib/web_console/middleware.rb:18:in `call'
actionpack (5.1.5) lib/action_dispatch/middleware/show_exceptions.rb:31:in `call'
railties (5.1.5) lib/rails/rack/logger.rb:36:in `call_app'
railties (5.1.5) lib/rails/rack/logger.rb:24:in `block in call'
activesupport (5.1.5) lib/active_support/tagged_logging.rb:69:in `block in tagged'
activesupport (5.1.5) lib/active_support/tagged_logging.rb:26:in `tagged'
activesupport (5.1.5) lib/active_support/tagged_logging.rb:69:in `tagged'
railties (5.1.5) lib/rails/rack/logger.rb:24:in `call'
sprockets-rails (3.2.1) lib/sprockets/rails/quiet_assets.rb:13:in `call'
actionpack (5.1.5) lib/action_dispatch/middleware/remote_ip.rb:79:in `call'
actionpack (5.1.5) lib/action_dispatch/middleware/request_id.rb:25:in `call'
rack (2.0.4) lib/rack/method_override.rb:22:in `call'
rack (2.0.4) lib/rack/runtime.rb:22:in `call'
activesupport (5.1.5) lib/active_support/cache/strategy/local_cache_middleware.rb:27:in `call'
actionpack (5.1.5) lib/action_dispatch/middleware/executor.rb:12:in `call'
actionpack (5.1.5) lib/action_dispatch/middleware/static.rb:125:in `call'
rack (2.0.4) lib/rack/sendfile.rb:111:in `call'
railties (5.1.5) lib/rails/engine.rb:522:in `call'
puma (3.11.3) lib/puma/configuration.rb:225:in `call'
puma (3.11.3) lib/puma/server.rb:624:in `handle_request'
puma (3.11.3) lib/puma/server.rb:438:in `process_client'
puma (3.11.3) lib/puma/server.rb:302:in `block in run'
puma (3.11.3) lib/puma/thread_pool.rb:120:in `block in spawn_thread'
Started GET "/" for 127.0.0.1 at 2018-05-11 11:07:07 -0400
Processing by StaticController#home as HTML
  Rendering static/home.html.erb within layouts/application
  Rendered static/home.html.erb within layouts/application (97.9ms)
Completed 200 OK in 286ms (Views: 273.2ms | ActiveRecord: 0.0ms)


Started GET "/Diego_profile_2.png" for 127.0.0.1 at 2018-05-11 11:07:10 -0400
  
ActionController::RoutingError (No route matches [GET] "/Diego_profile_2.png"):
  
actionpack (5.1.5) lib/action_dispatch/middleware/debug_exceptions.rb:63:in `call'
web-console (3.5.1) lib/web_console/middleware.rb:135:in `call_app'
web-console (3.5.1) lib/web_console/middleware.rb:28:in `block in call'
web-console (3.5.1) lib/web_console/middleware.rb:18:in `catch'
web-console (3.5.1) lib/web_console/middleware.rb:18:in `call'
actionpack (5.1.5) lib/action_dispatch/middleware/show_exceptions.rb:31:in `call'
railties (5.1.5) lib/rails/rack/logger.rb:36:in `call_app'
railties (5.1.5) lib/rails/rack/logger.rb:24:in `block in call'
activesupport (5.1.5) lib/active_support/tagged_logging.rb:69:in `block in tagged'
activesupport (5.1.5) lib/active_support/tagged_logging.rb:26:in `tagged'
activesupport (5.1.5) lib/active_support/tagged_logging.rb:69:in `tagged'
railties (5.1.5) lib/rails/rack/logger.rb:24:in `call'
sprockets-rails (3.2.1) lib/sprockets/rails/quiet_assets.rb:13:in `call'
actionpack (5.1.5) lib/action_dispatch/middleware/remote_ip.rb:79:in `call'
actionpack (5.1.5) lib/action_dispatch/middleware/request_id.rb:25:in `call'
rack (2.0.4) lib/rack/method_override.rb:22:in `call'
rack (2.0.4) lib/rack/runtime.rb:22:in `call'
activesupport (5.1.5) lib/active_support/cache/strategy/local_cache_middleware.rb:27:in `call'
actionpack (5.1.5) lib/action_dispatch/middleware/executor.rb:12:in `call'
actionpack (5.1.5) lib/action_dispatch/middleware/static.rb:125:in `call'
rack (2.0.4) lib/rack/sendfile.rb:111:in `call'
railties (5.1.5) lib/rails/engine.rb:522:in `call'
puma (3.11.3) lib/puma/configuration.rb:225:in `call'
puma (3.11.3) lib/puma/server.rb:624:in `handle_request'
puma (3.11.3) lib/puma/server.rb:438:in `process_client'
puma (3.11.3) lib/puma/server.rb:302:in `block in run'
puma (3.11.3) lib/puma/thread_pool.rb:120:in `block in spawn_thread'
Started GET "/" for 127.0.0.1 at 2018-05-11 11:07:46 -0400
Processing by StaticController#home as HTML
  Rendering static/home.html.erb within layouts/application
  Rendered static/home.html.erb within layouts/application (8.6ms)
Completed 500 Internal Server Error in 27ms (ActiveRecord: 0.0ms)


  
SyntaxError (/Users/diegoflores/projects/stark-oasis-69851/app/views/static/home.html.erb:68: syntax error, unexpected '}', expecting =>
..., data: {"Diego_profile_2.png"}, class:"lazy", alt:"Diego Fl...
...                               ^
/Users/diegoflores/projects/stark-oasis-69851/app/views/static/home.html.erb:68: syntax error, unexpected ',', expecting ')'
..._profile_2.png"}, class:"lazy", alt:"Diego Flores", id: "pro...
...                               ^
/Users/diegoflores/projects/stark-oasis-69851/app/views/static/home.html.erb:68: syntax error, unexpected ',', expecting ')'
...ass:"lazy", alt:"Diego Flores", id: "profile_pic", style:"wi...
...                               ^
/Users/diegoflores/projects/stark-oasis-69851/app/views/static/home.html.erb:68: syntax error, unexpected ',', expecting ')'
...ego Flores", id: "profile_pic", style:"width:40%"));@output_...
...                               ^
/Users/diegoflores/projects/stark-oasis-69851/app/views/static/home.html.erb:68: syntax error, unexpected ')', expecting keyword_end
...ofile_pic", style:"width:40%"));@output_buffer.safe_append='
...                               ^):
  
app/views/static/home.html.erb:68: syntax error, unexpected '}', expecting =>
app/views/static/home.html.erb:68: syntax error, unexpected ',', expecting ')'
app/views/static/home.html.erb:68: syntax error, unexpected ',', expecting ')'
app/views/static/home.html.erb:68: syntax error, unexpected ',', expecting ')'
app/views/static/home.html.erb:68: syntax error, unexpected ')', expecting keyword_end
Started GET "/" for 127.0.0.1 at 2018-05-11 11:08:06 -0400
Processing by StaticController#home as HTML
  Rendering static/home.html.erb within layouts/application
  Rendered static/home.html.erb within layouts/application (50.5ms)
Completed 200 OK in 126ms (Views: 122.3ms | ActiveRecord: 0.0ms)


Started GET "/Diego_profile_2.png" for 127.0.0.1 at 2018-05-11 11:08:17 -0400
  
ActionController::RoutingError (No route matches [GET] "/Diego_profile_2.png"):
  
actionpack (5.1.5) lib/action_dispatch/middleware/debug_exceptions.rb:63:in `call'
web-console (3.5.1) lib/web_console/middleware.rb:135:in `call_app'
web-console (3.5.1) lib/web_console/middleware.rb:28:in `block in call'
web-console (3.5.1) lib/web_console/middleware.rb:18:in `catch'
web-console (3.5.1) lib/web_console/middleware.rb:18:in `call'
actionpack (5.1.5) lib/action_dispatch/middleware/show_exceptions.rb:31:in `call'
railties (5.1.5) lib/rails/rack/logger.rb:36:in `call_app'
railties (5.1.5) lib/rails/rack/logger.rb:24:in `block in call'
activesupport (5.1.5) lib/active_support/tagged_logging.rb:69:in `block in tagged'
activesupport (5.1.5) lib/active_support/tagged_logging.rb:26:in `tagged'
activesupport (5.1.5) lib/active_support/tagged_logging.rb:69:in `tagged'
railties (5.1.5) lib/rails/rack/logger.rb:24:in `call'
sprockets-rails (3.2.1) lib/sprockets/rails/quiet_assets.rb:13:in `call'
actionpack (5.1.5) lib/action_dispatch/middleware/remote_ip.rb:79:in `call'
actionpack (5.1.5) lib/action_dispatch/middleware/request_id.rb:25:in `call'
rack (2.0.4) lib/rack/method_override.rb:22:in `call'
rack (2.0.4) lib/rack/runtime.rb:22:in `call'
activesupport (5.1.5) lib/active_support/cache/strategy/local_cache_middleware.rb:27:in `call'
actionpack (5.1.5) lib/action_dispatch/middleware/executor.rb:12:in `call'
actionpack (5.1.5) lib/action_dispatch/middleware/static.rb:125:in `call'
rack (2.0.4) lib/rack/sendfile.rb:111:in `call'
railties (5.1.5) lib/rails/engine.rb:522:in `call'
puma (3.11.3) lib/puma/configuration.rb:225:in `call'
puma (3.11.3) lib/puma/server.rb:624:in `handle_request'
puma (3.11.3) lib/puma/server.rb:438:in `process_client'
puma (3.11.3) lib/puma/server.rb:302:in `block in run'
puma (3.11.3) lib/puma/thread_pool.rb:120:in `block in spawn_thread'
Started GET "/" for 127.0.0.1 at 2018-05-11 11:08:20 -0400
Processing by StaticController#home as HTML
  Rendering static/home.html.erb within layouts/application
  Rendered static/home.html.erb within layouts/application (50.4ms)
Completed 200 OK in 162ms (Views: 157.0ms | ActiveRecord: 0.0ms)


Started GET "/" for 127.0.0.1 at 2018-05-11 11:09:21 -0400
Processing by StaticController#home as HTML
  Rendering static/home.html.erb within layouts/application
  Rendered static/home.html.erb within layouts/application (75.2ms)
Completed 200 OK in 375ms (Views: 363.5ms | ActiveRecord: 0.0ms)


Started GET "/" for 127.0.0.1 at 2018-05-11 11:15:08 -0400
Processing by StaticController#home as HTML
  Rendering static/home.html.erb within layouts/application
  Rendered static/home.html.erb within layouts/application (106.3ms)
Completed 200 OK in 272ms (Views: 257.7ms | ActiveRecord: 0.0ms)


Started GET "/Diego_profile_2.png" for 127.0.0.1 at 2018-05-11 11:15:11 -0400
  
ActionController::RoutingError (No route matches [GET] "/Diego_profile_2.png"):
  
actionpack (5.1.5) lib/action_dispatch/middleware/debug_exceptions.rb:63:in `call'
web-console (3.5.1) lib/web_console/middleware.rb:135:in `call_app'
web-console (3.5.1) lib/web_console/middleware.rb:28:in `block in call'
web-console (3.5.1) lib/web_console/middleware.rb:18:in `catch'
web-console (3.5.1) lib/web_console/middleware.rb:18:in `call'
actionpack (5.1.5) lib/action_dispatch/middleware/show_exceptions.rb:31:in `call'
railties (5.1.5) lib/rails/rack/logger.rb:36:in `call_app'
railties (5.1.5) lib/rails/rack/logger.rb:24:in `block in call'
activesupport (5.1.5) lib/active_support/tagged_logging.rb:69:in `block in tagged'
activesupport (5.1.5) lib/active_support/tagged_logging.rb:26:in `tagged'
activesupport (5.1.5) lib/active_support/tagged_logging.rb:69:in `tagged'
railties (5.1.5) lib/rails/rack/logger.rb:24:in `call'
sprockets-rails (3.2.1) lib/sprockets/rails/quiet_assets.rb:13:in `call'
actionpack (5.1.5) lib/action_dispatch/middleware/remote_ip.rb:79:in `call'
actionpack (5.1.5) lib/action_dispatch/middleware/request_id.rb:25:in `call'
rack (2.0.4) lib/rack/method_override.rb:22:in `call'
rack (2.0.4) lib/rack/runtime.rb:22:in `call'
activesupport (5.1.5) lib/active_support/cache/strategy/local_cache_middleware.rb:27:in `call'
actionpack (5.1.5) lib/action_dispatch/middleware/executor.rb:12:in `call'
actionpack (5.1.5) lib/action_dispatch/middleware/static.rb:125:in `call'
rack (2.0.4) lib/rack/sendfile.rb:111:in `call'
railties (5.1.5) lib/rails/engine.rb:522:in `call'
puma (3.11.3) lib/puma/configuration.rb:225:in `call'
puma (3.11.3) lib/puma/server.rb:624:in `handle_request'
puma (3.11.3) lib/puma/server.rb:438:in `process_client'
puma (3.11.3) lib/puma/server.rb:302:in `block in run'
puma (3.11.3) lib/puma/thread_pool.rb:120:in `block in spawn_thread'
Started GET "/" for 127.0.0.1 at 2018-05-11 11:15:43 -0400
Processing by StaticController#home as HTML
  Rendering static/home.html.erb within layouts/application
  Rendered static/home.html.erb within layouts/application (39.4ms)
Completed 200 OK in 127ms (Views: 120.0ms | ActiveRecord: 0.0ms)


Started GET "/Diego_profile_2.png" for 127.0.0.1 at 2018-05-11 11:15:45 -0400
  
ActionController::RoutingError (No route matches [GET] "/Diego_profile_2.png"):
  
actionpack (5.1.5) lib/action_dispatch/middleware/debug_exceptions.rb:63:in `call'
web-console (3.5.1) lib/web_console/middleware.rb:135:in `call_app'
web-console (3.5.1) lib/web_console/middleware.rb:28:in `block in call'
web-console (3.5.1) lib/web_console/middleware.rb:18:in `catch'
web-console (3.5.1) lib/web_console/middleware.rb:18:in `call'
actionpack (5.1.5) lib/action_dispatch/middleware/show_exceptions.rb:31:in `call'
railties (5.1.5) lib/rails/rack/logger.rb:36:in `call_app'
railties (5.1.5) lib/rails/rack/logger.rb:24:in `block in call'
activesupport (5.1.5) lib/active_support/tagged_logging.rb:69:in `block in tagged'
activesupport (5.1.5) lib/active_support/tagged_logging.rb:26:in `tagged'
activesupport (5.1.5) lib/active_support/tagged_logging.rb:69:in `tagged'
railties (5.1.5) lib/rails/rack/logger.rb:24:in `call'
sprockets-rails (3.2.1) lib/sprockets/rails/quiet_assets.rb:13:in `call'
actionpack (5.1.5) lib/action_dispatch/middleware/remote_ip.rb:79:in `call'
actionpack (5.1.5) lib/action_dispatch/middleware/request_id.rb:25:in `call'
rack (2.0.4) lib/rack/method_override.rb:22:in `call'
rack (2.0.4) lib/rack/runtime.rb:22:in `call'
activesupport (5.1.5) lib/active_support/cache/strategy/local_cache_middleware.rb:27:in `call'
actionpack (5.1.5) lib/action_dispatch/middleware/executor.rb:12:in `call'
actionpack (5.1.5) lib/action_dispatch/middleware/static.rb:125:in `call'
rack (2.0.4) lib/rack/sendfile.rb:111:in `call'
railties (5.1.5) lib/rails/engine.rb:522:in `call'
puma (3.11.3) lib/puma/configuration.rb:225:in `call'
puma (3.11.3) lib/puma/server.rb:624:in `handle_request'
puma (3.11.3) lib/puma/server.rb:438:in `process_client'
puma (3.11.3) lib/puma/server.rb:302:in `block in run'
puma (3.11.3) lib/puma/thread_pool.rb:120:in `block in spawn_thread'
Started GET "/" for 127.0.0.1 at 2018-05-11 11:15:58 -0400
Processing by StaticController#home as HTML
  Rendering static/home.html.erb within layouts/application
  Rendered static/home.html.erb within layouts/application (103.6ms)
Completed 200 OK in 189ms (Views: 184.1ms | ActiveRecord: 0.0ms)


Started GET "/" for 127.0.0.1 at 2018-05-11 11:16:24 -0400
Processing by StaticController#home as HTML
  Rendering static/home.html.erb within layouts/application
  Rendered static/home.html.erb within layouts/application (66.4ms)
Completed 200 OK in 164ms (Views: 155.1ms | ActiveRecord: 0.0ms)


Started GET "/" for 127.0.0.1 at 2018-05-11 11:17:05 -0400
Processing by StaticController#home as HTML
  Rendering static/home.html.erb within layouts/application
  Rendered static/home.html.erb within layouts/application (28.7ms)
Completed 500 Internal Server Error in 54ms (ActiveRecord: 0.0ms)


  
ActionView::Template::Error (Permission denied - app/assets/images/Diego_profile_2.png):
    65:     </svg>
    66: 
    67:       <div class="container" id="about-photo">
    68:         <%= image_tag("Diego_profile_2.png", data: { src: `app/assets/images/Diego_profile_2.png` }, class:"lazy", alt:"Diego Flores", id: "profile_pic", style:"width:40%")%>
    69:         <noscript>
    70:           <%= image_tag("Diego_profile_2.png", alt:"Diego Flores", id: "profile_pic", style:"width:40%")%>
    71:         </noscript>
  
app/views/static/home.html.erb:68:in `_app_views_static_home_html_erb__721923022938785297_70155259501120'
Started GET "/" for 127.0.0.1 at 2018-05-11 11:17:23 -0400
Processing by StaticController#home as HTML
  Rendering static/home.html.erb within layouts/application
  Rendered static/home.html.erb within layouts/application (56.6ms)
Completed 200 OK in 221ms (Views: 217.7ms | ActiveRecord: 0.0ms)


Started GET "/" for 127.0.0.1 at 2018-05-11 11:18:03 -0400
Processing by StaticController#home as HTML
  Rendering static/home.html.erb within layouts/application
  Rendered static/home.html.erb within layouts/application (85.8ms)
Completed 200 OK in 209ms (Views: 198.6ms | ActiveRecord: 0.0ms)


Started GET "/" for 127.0.0.1 at 2018-05-11 11:25:00 -0400
Processing by StaticController#home as HTML
  Rendering static/home.html.erb within layouts/application
  Rendered static/home.html.erb within layouts/application (117.3ms)
Completed 200 OK in 290ms (Views: 276.2ms | ActiveRecord: 0.0ms)


Started GET "/" for 127.0.0.1 at 2018-05-11 11:25:18 -0400
Processing by StaticController#home as HTML
  Rendering static/home.html.erb within layouts/application
  Rendered static/home.html.erb within layouts/application (97.3ms)
Completed 200 OK in 443ms (Views: 430.7ms | ActiveRecord: 0.0ms)


Started GET "/" for 127.0.0.1 at 2018-05-11 11:26:44 -0400
Processing by StaticController#home as HTML
  Rendering static/home.html.erb within layouts/application
  Rendered static/home.html.erb within layouts/application (127.8ms)
Completed 200 OK in 275ms (Views: 260.8ms | ActiveRecord: 0.0ms)


Started GET "/" for 127.0.0.1 at 2018-05-11 11:28:33 -0400
Processing by StaticController#home as HTML
  Rendering static/home.html.erb within layouts/application
  Rendered static/home.html.erb within layouts/application (80.8ms)
Completed 200 OK in 216ms (Views: 205.8ms | ActiveRecord: 0.0ms)


Started GET "/" for 127.0.0.1 at 2018-05-11 11:29:45 -0400
Processing by StaticController#home as HTML
  Rendering static/home.html.erb within layouts/application
  Rendered static/home.html.erb within layouts/application (124.1ms)
Completed 200 OK in 1075ms (Views: 1065.1ms | ActiveRecord: 0.0ms)


Started GET "/" for 127.0.0.1 at 2018-05-11 11:31:15 -0400
Processing by StaticController#home as HTML
  Rendering static/home.html.erb within layouts/application
  Rendered static/home.html.erb within layouts/application (348.7ms)
Completed 200 OK in 498ms (Views: 485.3ms | ActiveRecord: 0.0ms)


Started GET "/" for 127.0.0.1 at 2018-05-11 11:31:42 -0400
Processing by StaticController#home as HTML
  Rendering static/home.html.erb within layouts/application
  Rendered static/home.html.erb within layouts/application (163.9ms)
Completed 200 OK in 416ms (Views: 390.7ms | ActiveRecord: 0.0ms)


Started GET "/" for 127.0.0.1 at 2018-05-11 11:33:36 -0400
Processing by StaticController#home as HTML
  Rendering static/home.html.erb within layouts/application
  Rendered static/home.html.erb within layouts/application (160.8ms)
Completed 200 OK in 1006ms (Views: 983.7ms | ActiveRecord: 0.0ms)


Started GET "/" for 127.0.0.1 at 2018-05-11 11:35:29 -0400
Processing by StaticController#home as HTML
  Rendering static/home.html.erb within layouts/application
  Rendered static/home.html.erb within layouts/application (123.6ms)
Completed 200 OK in 380ms (Views: 364.5ms | ActiveRecord: 0.0ms)


Started GET "/" for 127.0.0.1 at 2018-05-11 11:36:04 -0400
Processing by StaticController#home as HTML
  Rendering static/home.html.erb within layouts/application
  Rendered static/home.html.erb within layouts/application (94.3ms)
Completed 200 OK in 216ms (Views: 205.1ms | ActiveRecord: 0.0ms)


Started GET "/" for 127.0.0.1 at 2018-05-11 15:12:16 -0400
Processing by StaticController#home as HTML
  Rendering static/home.html.erb within layouts/application
  Rendered static/home.html.erb within layouts/application (1143.4ms)
Completed 500 Internal Server Error in 1223ms (ActiveRecord: 0.0ms)


  
ActionView::Template::Error (The asset "nyc-street.jpg" is not present in the asset pipeline.):
    258:       <!-- <div class="w3-content w3-display-container" style="max-width:800px">
    259:         <%= image_tag("Diego_profile_2.png", class:"mySlides", alt:"Diego Flores", id: "profile_pic", style:"width:40%")%>
    260:         <%= image_tag("nyc.jpg", class:"mySlides", alt:"Diego Flores", id: "profile_pic", style:"width:40%")%>
    261:         <%= image_tag("nyc-street.jpg", class:"mySlides", alt:"Diego Flores", id: "profile_pic", style:"width:40%")%>
    262:         <div class="w3-center w3-container w3-section w3-large w3-text-white w3-display-bottommiddle" style="width:100%">
    263:           <div class="w3-left w3-hover-text-khaki" onclick="plusDivs(-1)">&#10094;</div>
    264:           <div class="w3-right w3-hover-text-khaki" onclick="plusDivs(1)">&#10095;</div>
  
app/views/static/home.html.erb:261:in `_app_views_static_home_html_erb__721923022938785297_70155219416620'
Started GET "/" for 127.0.0.1 at 2018-05-11 15:12:51 -0400
Processing by StaticController#home as HTML
  Rendering static/home.html.erb within layouts/application
  Rendered static/home.html.erb within layouts/application (322.4ms)
Completed 200 OK in 637ms (Views: 620.9ms | ActiveRecord: 0.0ms)


Started GET "/" for 127.0.0.1 at 2018-05-11 15:20:22 -0400
  [1m[35m (4.6ms)[0m  [1m[34mSELECT "schema_migrations"."version" FROM "schema_migrations" ORDER BY "schema_migrations"."version" ASC[0m
Processing by StaticController#home as HTML
  Rendering static/home.html.erb within layouts/application
  Rendered static/home.html.erb within layouts/application (670.8ms)
Completed 200 OK in 834ms (Views: 820.6ms | ActiveRecord: 0.0ms)


Started GET "/" for 127.0.0.1 at 2018-05-11 15:27:43 -0400
Processing by StaticController#home as HTML
  Rendering static/home.html.erb within layouts/application
  Rendered static/home.html.erb within layouts/application (266.2ms)
Completed 200 OK in 1714ms (Views: 1702.5ms | ActiveRecord: 0.0ms)


Started GET "/" for 127.0.0.1 at 2018-05-11 15:33:53 -0400
Processing by StaticController#home as HTML
  Rendering static/home.html.erb within layouts/application
  Rendered static/home.html.erb within layouts/application (106.8ms)
Completed 200 OK in 1004ms (Views: 989.2ms | ActiveRecord: 0.0ms)


Started GET "/" for 127.0.0.1 at 2018-05-11 15:35:24 -0400
Processing by StaticController#home as HTML
  Rendering static/home.html.erb within layouts/application
  Rendered static/home.html.erb within layouts/application (121.2ms)
Completed 200 OK in 398ms (Views: 380.7ms | ActiveRecord: 0.0ms)


Started GET "/" for 127.0.0.1 at 2018-05-11 15:42:32 -0400
Processing by StaticController#home as HTML
  Rendering static/home.html.erb within layouts/application
  Rendered static/home.html.erb within layouts/application (216.8ms)
Completed 200 OK in 403ms (Views: 386.9ms | ActiveRecord: 0.0ms)


Started GET "/" for 127.0.0.1 at 2018-05-11 15:49:40 -0400
Processing by StaticController#home as HTML
  Rendering static/home.html.erb within layouts/application
  Rendered static/home.html.erb within layouts/application (407.2ms)
Completed 200 OK in 575ms (Views: 551.2ms | ActiveRecord: 0.0ms)


Started GET "/" for 127.0.0.1 at 2018-05-11 15:55:48 -0400
Processing by StaticController#home as HTML
  Rendering static/home.html.erb within layouts/application
  Rendered static/home.html.erb within layouts/application (253.8ms)
Completed 200 OK in 1284ms (Views: 1261.6ms | ActiveRecord: 0.0ms)


Started GET "/" for 127.0.0.1 at 2018-05-11 16:21:47 -0400
  [1m[35m (3.9ms)[0m  [1m[34mSELECT "schema_migrations"."version" FROM "schema_migrations" ORDER BY "schema_migrations"."version" ASC[0m
Processing by StaticController#home as HTML
  Rendering static/home.html.erb within layouts/application
  Rendered static/home.html.erb within layouts/application (595.8ms)
Completed 200 OK in 756ms (Views: 741.3ms | ActiveRecord: 0.0ms)


Started GET "/" for 127.0.0.1 at 2018-05-11 16:23:42 -0400
Processing by StaticController#home as HTML
  Rendering static/home.html.erb within layouts/application
  Rendered static/home.html.erb within layouts/application (253.4ms)
Completed 200 OK in 503ms (Views: 486.2ms | ActiveRecord: 0.0ms)


Started GET "/" for 127.0.0.1 at 2018-05-11 16:26:40 -0400
Processing by StaticController#home as HTML
  Rendering static/home.html.erb within layouts/application
  Rendered static/home.html.erb within layouts/application (98.7ms)
Completed 200 OK in 258ms (Views: 228.3ms | ActiveRecord: 0.0ms)


Started GET "/" for 127.0.0.1 at 2018-05-11 16:26:53 -0400
Processing by StaticController#home as HTML
  Rendering static/home.html.erb within layouts/application
  Rendered static/home.html.erb within layouts/application (86.8ms)
Completed 200 OK in 271ms (Views: 247.8ms | ActiveRecord: 0.0ms)


Started GET "/" for 127.0.0.1 at 2018-05-11 16:27:19 -0400
Processing by StaticController#home as HTML
  Rendering static/home.html.erb within layouts/application
  Rendered static/home.html.erb within layouts/application (80.2ms)
Completed 200 OK in 230ms (Views: 217.2ms | ActiveRecord: 0.0ms)


Started GET "/" for 127.0.0.1 at 2018-05-11 16:27:50 -0400
Processing by StaticController#home as HTML
  Rendering static/home.html.erb within layouts/application
  Rendered static/home.html.erb within layouts/application (102.9ms)
Completed 200 OK in 658ms (Views: 645.8ms | ActiveRecord: 0.0ms)


Started GET "/" for 127.0.0.1 at 2018-05-11 16:30:25 -0400
Processing by StaticController#home as HTML
  Rendering static/home.html.erb within layouts/application
  Rendered static/home.html.erb within layouts/application (89.0ms)
Completed 200 OK in 782ms (Views: 769.6ms | ActiveRecord: 0.0ms)


Started GET "/" for 127.0.0.1 at 2018-05-11 16:35:39 -0400
Processing by StaticController#home as HTML
  Rendering static/home.html.erb within layouts/application
  Rendered static/home.html.erb within layouts/application (356.6ms)
Completed 200 OK in 1480ms (Views: 1465.2ms | ActiveRecord: 0.0ms)


Started GET "/" for 127.0.0.1 at 2018-05-11 16:36:38 -0400
Processing by StaticController#home as HTML
  Rendering static/home.html.erb within layouts/application
  Rendered static/home.html.erb within layouts/application (158.8ms)
Completed 200 OK in 323ms (Views: 312.2ms | ActiveRecord: 0.0ms)


Started GET "/" for 127.0.0.1 at 2018-05-11 16:37:08 -0400
Processing by StaticController#home as HTML
  Rendering static/home.html.erb within layouts/application
  Rendered static/home.html.erb within layouts/application (80.1ms)
Completed 200 OK in 701ms (Views: 688.3ms | ActiveRecord: 0.0ms)


Started GET "/" for 127.0.0.1 at 2018-05-11 16:41:53 -0400
Processing by StaticController#home as HTML
  Rendering static/home.html.erb within layouts/application
  Rendered static/home.html.erb within layouts/application (162.7ms)
Completed 200 OK in 484ms (Views: 461.6ms | ActiveRecord: 0.0ms)


Started GET "/" for 127.0.0.1 at 2018-05-11 16:42:54 -0400
Processing by StaticController#home as HTML
  Rendering static/home.html.erb within layouts/application
  Rendered static/home.html.erb within layouts/application (119.2ms)
Completed 200 OK in 360ms (Views: 349.8ms | ActiveRecord: 0.0ms)


Started GET "/" for 127.0.0.1 at 2018-05-14 13:34:47 -0400
  [1m[35m (5.9ms)[0m  [1m[34mSELECT "schema_migrations"."version" FROM "schema_migrations" ORDER BY "schema_migrations"."version" ASC[0m
Processing by StaticController#home as HTML
  Rendering static/home.html.erb within layouts/application
  Rendered static/home.html.erb within layouts/application (2422.7ms)
Completed 200 OK in 2596ms (Views: 2568.4ms | ActiveRecord: 0.0ms)


Started GET "/" for 127.0.0.1 at 2018-05-14 13:43:23 -0400
Processing by StaticController#home as HTML
  Rendering static/home.html.erb within layouts/application
  Rendered static/home.html.erb within layouts/application (89.4ms)
Completed 200 OK in 912ms (Views: 892.3ms | ActiveRecord: 0.0ms)


Started GET "/" for 127.0.0.1 at 2018-05-14 13:44:46 -0400
Processing by StaticController#home as HTML
  Rendering static/home.html.erb within layouts/application
  Rendered static/home.html.erb within layouts/application (81.0ms)
Completed 200 OK in 887ms (Views: 877.8ms | ActiveRecord: 0.0ms)


Started GET "/" for 127.0.0.1 at 2018-05-14 13:45:57 -0400
Processing by StaticController#home as HTML
  Rendering static/home.html.erb within layouts/application
  Rendered static/home.html.erb within layouts/application (87.5ms)
Completed 200 OK in 773ms (Views: 758.9ms | ActiveRecord: 0.0ms)


Started GET "/" for 127.0.0.1 at 2018-05-14 13:46:02 -0400
Processing by StaticController#home as HTML
  Rendering static/home.html.erb within layouts/application
  Rendered static/home.html.erb within layouts/application (86.0ms)
Completed 200 OK in 290ms (Views: 280.4ms | ActiveRecord: 0.0ms)


Started GET "/" for 127.0.0.1 at 2018-05-14 13:46:14 -0400
Processing by StaticController#home as HTML
  Rendering static/home.html.erb within layouts/application
  Rendered static/home.html.erb within layouts/application (66.9ms)
Completed 200 OK in 683ms (Views: 669.3ms | ActiveRecord: 0.0ms)


Started GET "/" for 127.0.0.1 at 2018-05-14 13:46:24 -0400
Processing by StaticController#home as HTML
  Rendering static/home.html.erb within layouts/application
  Rendered static/home.html.erb within layouts/application (37.6ms)
Completed 200 OK in 533ms (Views: 529.3ms | ActiveRecord: 0.0ms)


Started GET "/" for 127.0.0.1 at 2018-05-14 13:46:32 -0400
Processing by StaticController#home as HTML
  Rendering static/home.html.erb within layouts/application
  Rendered static/home.html.erb within layouts/application (55.7ms)
Completed 200 OK in 559ms (Views: 553.9ms | ActiveRecord: 0.0ms)


Started GET "/" for 127.0.0.1 at 2018-05-14 13:46:44 -0400
Processing by StaticController#home as HTML
  Rendering static/home.html.erb within layouts/application
  Rendered static/home.html.erb within layouts/application (86.0ms)
Completed 200 OK in 664ms (Views: 652.9ms | ActiveRecord: 0.0ms)


Started GET "/" for 127.0.0.1 at 2018-05-14 13:46:58 -0400
Processing by StaticController#home as HTML
  Rendering static/home.html.erb within layouts/application
  Rendered static/home.html.erb within layouts/application (46.4ms)
Completed 200 OK in 529ms (Views: 522.2ms | ActiveRecord: 0.0ms)


Started GET "/" for 127.0.0.1 at 2018-05-14 13:47:24 -0400
Processing by StaticController#home as HTML
  Rendering static/home.html.erb within layouts/application
  Rendered static/home.html.erb within layouts/application (494.5ms)
Completed 200 OK in 699ms (Views: 673.3ms | ActiveRecord: 0.0ms)


Started GET "/" for 127.0.0.1 at 2018-05-14 13:54:19 -0400
Processing by StaticController#home as HTML
  Rendering static/home.html.erb within layouts/application
  Rendered static/home.html.erb within layouts/application (229.9ms)
Completed 200 OK in 1367ms (Views: 1330.1ms | ActiveRecord: 0.0ms)


Started GET "/" for 127.0.0.1 at 2018-05-14 13:57:22 -0400
Processing by StaticController#home as HTML
  Rendering static/home.html.erb within layouts/application
  Rendered static/home.html.erb within layouts/application (130.0ms)
Completed 200 OK in 1091ms (Views: 1071.0ms | ActiveRecord: 0.0ms)


Started GET "/" for 127.0.0.1 at 2018-05-14 13:57:46 -0400
Processing by StaticController#home as HTML
  Rendering static/home.html.erb within layouts/application
  Rendered static/home.html.erb within layouts/application (113.4ms)
Completed 200 OK in 1326ms (Views: 1310.2ms | ActiveRecord: 0.0ms)


Started GET "/" for 127.0.0.1 at 2018-05-14 13:57:57 -0400
Processing by StaticController#home as HTML
  Rendering static/home.html.erb within layouts/application
  Rendered static/home.html.erb within layouts/application (81.0ms)
Completed 200 OK in 1534ms (Views: 1513.4ms | ActiveRecord: 0.0ms)


Started GET "/" for 127.0.0.1 at 2018-05-14 13:59:33 -0400
Processing by StaticController#home as HTML
  Rendering static/home.html.erb within layouts/application
  Rendered static/home.html.erb within layouts/application (133.8ms)
Completed 200 OK in 1024ms (Views: 1005.5ms | ActiveRecord: 0.0ms)


Started GET "/" for 127.0.0.1 at 2018-05-14 13:59:47 -0400
Processing by StaticController#home as HTML
  Rendering static/home.html.erb within layouts/application
  Rendered static/home.html.erb within layouts/application (198.3ms)
Completed 200 OK in 1892ms (Views: 1878.7ms | ActiveRecord: 0.0ms)


Started GET "/" for 127.0.0.1 at 2018-05-14 14:00:08 -0400
Processing by StaticController#home as HTML
  Rendering static/home.html.erb within layouts/application
  Rendered static/home.html.erb within layouts/application (265.3ms)
Completed 200 OK in 2299ms (Views: 2250.1ms | ActiveRecord: 0.0ms)


Started GET "/" for 127.0.0.1 at 2018-05-14 14:00:37 -0400
Processing by StaticController#home as HTML
  Rendering static/home.html.erb within layouts/application
  Rendered static/home.html.erb within layouts/application (119.6ms)
Completed 200 OK in 1050ms (Views: 1034.3ms | ActiveRecord: 0.0ms)


Started GET "/" for 127.0.0.1 at 2018-05-14 14:01:12 -0400
Processing by StaticController#home as HTML
  Rendering static/home.html.erb within layouts/application
  Rendered static/home.html.erb within layouts/application (177.0ms)
Completed 200 OK in 1198ms (Views: 1167.1ms | ActiveRecord: 0.0ms)


Started GET "/" for 127.0.0.1 at 2018-05-14 14:04:35 -0400
Processing by StaticController#home as HTML
  Rendering static/home.html.erb within layouts/application
  Rendered static/home.html.erb within layouts/application (498.0ms)
Completed 200 OK in 1877ms (Views: 1853.4ms | ActiveRecord: 0.0ms)


Started GET "/" for 127.0.0.1 at 2018-05-14 14:09:17 -0400
Processing by StaticController#home as HTML
  Rendering static/home.html.erb within layouts/application
  Rendered static/home.html.erb within layouts/application (179.0ms)
Completed 200 OK in 1054ms (Views: 1033.7ms | ActiveRecord: 0.0ms)


Started GET "/" for 127.0.0.1 at 2018-05-14 14:09:30 -0400
Processing by StaticController#home as HTML
  Rendering static/home.html.erb within layouts/application
  Rendered static/home.html.erb within layouts/application (163.3ms)
Completed 200 OK in 343ms (Views: 325.8ms | ActiveRecord: 0.0ms)


Started GET "/" for 127.0.0.1 at 2018-05-14 14:09:43 -0400
Processing by StaticController#home as HTML
  Rendering static/home.html.erb within layouts/application
  Rendered static/home.html.erb within layouts/application (464.2ms)
Completed 200 OK in 2113ms (Views: 2034.5ms | ActiveRecord: 0.0ms)


Started GET "/" for 127.0.0.1 at 2018-05-14 14:10:11 -0400
Processing by StaticController#home as HTML
  Rendering static/home.html.erb within layouts/application
  Rendered static/home.html.erb within layouts/application (638.2ms)
Completed 200 OK in 1138ms (Views: 1004.1ms | ActiveRecord: 0.0ms)


Started GET "/" for 127.0.0.1 at 2018-05-14 14:10:15 -0400
Processing by StaticController#home as HTML
  Rendering static/home.html.erb within layouts/application
  Rendered static/home.html.erb within layouts/application (235.5ms)
Completed 200 OK in 537ms (Views: 518.1ms | ActiveRecord: 0.0ms)


Started GET "/" for 127.0.0.1 at 2018-05-14 14:10:30 -0400
Processing by StaticController#home as HTML
  Rendering static/home.html.erb within layouts/application
  Rendered static/home.html.erb within layouts/application (168.7ms)
Completed 200 OK in 1365ms (Views: 1340.7ms | ActiveRecord: 0.0ms)


Started GET "/" for 127.0.0.1 at 2018-05-14 14:10:53 -0400
Processing by StaticController#home as HTML
  Rendering static/home.html.erb within layouts/application
  Rendered static/home.html.erb within layouts/application (166.1ms)
Completed 200 OK in 1364ms (Views: 1344.3ms | ActiveRecord: 0.0ms)


Started GET "/" for 127.0.0.1 at 2018-05-14 14:13:51 -0400
Processing by StaticController#home as HTML
  Rendering static/home.html.erb within layouts/application
  Rendered static/home.html.erb within layouts/application (241.4ms)
Completed 200 OK in 1520ms (Views: 1505.0ms | ActiveRecord: 0.0ms)


Started GET "/" for 127.0.0.1 at 2018-05-14 14:14:09 -0400
Processing by StaticController#home as HTML
  Rendering static/home.html.erb within layouts/application
  Rendered static/home.html.erb within layouts/application (111.0ms)
Completed 200 OK in 1140ms (Views: 1130.2ms | ActiveRecord: 0.0ms)


Started GET "/" for 127.0.0.1 at 2018-05-14 14:14:20 -0400
Processing by StaticController#home as HTML
  Rendering static/home.html.erb within layouts/application
  Rendered static/home.html.erb within layouts/application (263.4ms)
Completed 200 OK in 1336ms (Views: 1306.1ms | ActiveRecord: 0.0ms)


Started GET "/" for 127.0.0.1 at 2018-05-14 14:14:30 -0400
Processing by StaticController#home as HTML
  Rendering static/home.html.erb within layouts/application
  Rendered static/home.html.erb within layouts/application (118.9ms)
Completed 200 OK in 885ms (Views: 875.3ms | ActiveRecord: 0.0ms)


Started GET "/" for 127.0.0.1 at 2018-05-14 14:14:46 -0400
Processing by StaticController#home as HTML
  Rendering static/home.html.erb within layouts/application
  Rendered static/home.html.erb within layouts/application (79.6ms)
Completed 200 OK in 321ms (Views: 301.1ms | ActiveRecord: 0.0ms)


Started GET "/" for 127.0.0.1 at 2018-05-14 14:15:53 -0400
Processing by StaticController#home as HTML
  Rendering static/home.html.erb within layouts/application
  Rendered static/home.html.erb within layouts/application (140.7ms)
Completed 200 OK in 298ms (Views: 284.5ms | ActiveRecord: 0.0ms)


Started GET "/" for 127.0.0.1 at 2018-05-14 14:31:29 -0400
Processing by StaticController#home as HTML
  Rendering static/home.html.erb within layouts/application
  Rendered static/home.html.erb within layouts/application (382.6ms)
Completed 200 OK in 2106ms (Views: 2082.7ms | ActiveRecord: 0.0ms)


Started GET "/" for 127.0.0.1 at 2018-05-14 14:32:11 -0400
Processing by StaticController#home as HTML
  Rendering static/home.html.erb within layouts/application
  Rendered static/home.html.erb within layouts/application (956.9ms)
Completed 200 OK in 1533ms (Views: 1454.6ms | ActiveRecord: 0.0ms)


Started GET "/" for 127.0.0.1 at 2018-05-14 14:33:28 -0400
Processing by StaticController#home as HTML
  Rendering static/home.html.erb within layouts/application
  Rendered static/home.html.erb within layouts/application (157.9ms)
Completed 200 OK in 1612ms (Views: 1593.9ms | ActiveRecord: 0.0ms)


Started GET "/" for 127.0.0.1 at 2018-05-14 14:33:40 -0400
Processing by StaticController#home as HTML
  Rendering static/home.html.erb within layouts/application
  Rendered static/home.html.erb within layouts/application (220.7ms)
Completed 200 OK in 1858ms (Views: 1811.1ms | ActiveRecord: 0.0ms)


Started GET "/" for 127.0.0.1 at 2018-05-14 14:33:52 -0400
Processing by StaticController#home as HTML
  Rendering static/home.html.erb within layouts/application
  Rendered static/home.html.erb within layouts/application (194.3ms)
Completed 200 OK in 1324ms (Views: 1296.8ms | ActiveRecord: 0.0ms)


Started GET "/" for 127.0.0.1 at 2018-05-14 14:34:02 -0400
Processing by StaticController#home as HTML
  Rendering static/home.html.erb within layouts/application
  Rendered static/home.html.erb within layouts/application (109.3ms)
Completed 200 OK in 246ms (Views: 234.2ms | ActiveRecord: 0.0ms)


Started GET "/" for 127.0.0.1 at 2018-05-14 14:42:23 -0400
Processing by StaticController#home as HTML
  Rendering static/home.html.erb within layouts/application
  Rendered static/home.html.erb within layouts/application (184.8ms)
Completed 200 OK in 1851ms (Views: 1825.3ms | ActiveRecord: 0.0ms)


Started GET "/" for 127.0.0.1 at 2018-05-14 14:45:18 -0400
Processing by StaticController#home as HTML
  Rendering static/home.html.erb within layouts/application
  Rendered static/home.html.erb within layouts/application (224.1ms)
Completed 200 OK in 2217ms (Views: 2195.9ms | ActiveRecord: 0.0ms)


Started GET "/" for 127.0.0.1 at 2018-05-14 14:46:45 -0400
Processing by StaticController#home as HTML
  Rendering static/home.html.erb within layouts/application
  Rendered static/home.html.erb within layouts/application (129.0ms)
Completed 200 OK in 1120ms (Views: 1105.3ms | ActiveRecord: 0.0ms)


